<?xml version="1.0" encoding="UTF-8"?>
<testng-results skipped="0" failed="0" ignored="0" total="1" passed="1">
  <reporter-output>
  </reporter-output>
  <suite name="Default suite" duration-ms="4629" started-at="2020-06-17T16:01:35 IST" finished-at="2020-06-17T16:01:40 IST">
    <groups>
    </groups>
    <test name="Default test" duration-ms="4629" started-at="2020-06-17T16:01:35 IST" finished-at="2020-06-17T16:01:40 IST">
      <class name="com.test.PutTest">
        <test-method status="PASS" signature="getPutTest()[pri:0, instance:com.test.PutTest@6321e813]" name="getPutTest" duration-ms="4522" started-at="2020-06-17T16:01:35 IST" finished-at="2020-06-17T16:01:40 IST">
          <reporter-output>
          </reporter-output>
        </test-method> <!-- getPutTest -->
      </class> <!-- com.test.PutTest -->
    </test> <!-- Default test -->
  </suite> <!-- Default suite -->
</testng-results>
